#
# There is insufficient memory for the Java Runtime Environment to continue.
# Native memory allocation (mmap) failed to map 130023424 bytes for G1 virtual space
# Possible reasons:
#   The system is out of physical RAM or swap space
#   The process is running with CompressedOops enabled, and the Java Heap may be blocking the growth of the native heap
# Possible solutions:
#   Reduce memory load on the system
#   Increase physical memory or swap space
#   Check if swap backing store is full
#   Decrease Java heap size (-Xmx/-Xms)
#   Decrease number of Java threads
#   Decrease Java thread stack sizes (-Xss)
#   Set larger code cache with -XX:ReservedCodeCacheSize=
#   JVM is running with Unscaled Compressed Oops mode in which the Java heap is
#     placed in the first 4GB address space. The Java Heap base address is the
#     maximum limit for the native heap growth. Please use -XX:HeapBaseMinAddress
#     to set the Java Heap base and to place the Java Heap above 4GB virtual address.
# This output file may be truncated or incomplete.
#
#  Out of Memory Error (os_windows.cpp:3528), pid=31148, tid=22256
#
# JRE version:  (20.0.2+9) (build )
# Java VM: Java HotSpot(TM) 64-Bit Server VM (20.0.2+9-78, mixed mode, sharing, tiered, compressed oops, compressed class ptrs, g1 gc, windows-amd64)
# No core dump will be written. Minidumps are not enabled by default on client versions of Windows
#

---------------  S U M M A R Y ------------

Command Line: -Dfile.encoding=UTF-8 --module-path=D:\Perkuliahan\Semester 3\Pemorograman object oriented\java\Kasus1\build\classes kasus1.Firm

Host: 11th Gen Intel(R) Core(TM) i5-11300H @ 3.10GHz, 8 cores, 7G,  Windows 11 , 64 bit Build 22621 (10.0.22621.2428)
Time: Sat Oct 21 20:50:53 2023 SE Asia Standard Time elapsed time: 0.013761 seconds (0d 0h 0m 0s)

---------------  T H R E A D  ---------------

Current thread (0x00000213e0196c80):  JavaThread "Unknown thread" [_thread_in_vm, id=22256, stack(0x000000bf11c00000,0x000000bf11d00000)]

Stack: [0x000000bf11c00000,0x000000bf11d00000]
Native frames: (J=compiled Java code, j=interpreted, Vv=VM code, C=native code)
V  [jvm.dll+0x6bc25a]
V  [jvm.dll+0x84971a]
V  [jvm.dll+0x84b315]
V  [jvm.dll+0x84ba13]
V  [jvm.dll+0x280e4f]
V  [jvm.dll+0x6b8fe9]
V  [jvm.dll+0x6adbca]
V  [jvm.dll+0x35b165]
V  [jvm.dll+0x363386]
V  [jvm.dll+0x3b400e]
V  [jvm.dll+0x3b4295]
V  [jvm.dll+0x32b86a]
V  [jvm.dll+0x32c68b]
V  [jvm.dll+0x8123df]
V  [jvm.dll+0x3c1261]
V  [jvm.dll+0x7fe103]
V  [jvm.dll+0x44ccaf]
V  [jvm.dll+0x44e621]
C  [jli.dll+0x5287]
C  [ucrtbase.dll+0x29363]
C  [KERNEL32.DLL+0x1257d]
C  [ntdll.dll+0x5aa78]


---------------  P R O C E S S  ---------------

Threads class SMR info:
_java_thread_list=0x00007ff9a428b118, length=0, elements={
}

Java Threads: ( => current thread )

Other Threads:
  0x00000213e01f5f50 WorkerThread "GC Thread#0" [stack: 0x000000bf11d00000,0x000000bf11e00000] [id=30016]
  0x00000213e0206700 ConcurrentGCThread "G1 Main Marker" [stack: 0x000000bf11e00000,0x000000bf11f00000] [id=9464]
  0x00000213e0207130 WorkerThread "G1 Conc#0" [stack: 0x000000bf11f00000,0x000000bf12000000] [id=28100]

[error occurred during error reporting (printing all threads), id 0xc0000005, EXCEPTION_ACCESS_VIOLATION (0xc0000005) at pc=0x00007ff9a3a6eea7]
VM state: not at safepoint (not fully initialized)

VM Mutex/Monitor currently owned by a thread:  ([mutex/lock_event])
[0x00000213e0191ac0] Heap_lock - owner thread: 0x00000213e0196c80

Heap address: 0x0000000084c00000, size: 1972 MB, Compressed Oops mode: 32-bit

CDS archive(s) mapped at: [0x0000000000000000-0x0000000000000000-0x0000000000000000), size 0, SharedBaseAddress: 0x0000000800000000, ArchiveRelocationMode: 1.
Narrow klass base: 0x0000000000000000, Narrow klass shift: 0, Narrow klass range: 0x0

GC Precious Log:
 CardTable entry size: 512
 Card Set container configuration: InlinePtr #cards 5 size 8 Array Of Cards #cards 12 size 40 Howl #buckets 4 coarsen threshold 1843 Howl Bitmap #cards 512 size 80 coarsen threshold 460 Card regions per heap region 1 cards per card region 2048

Heap:
 garbage-first heap   total 0K, used 0K [0x0000000084c00000, 0x0000000100000000)
  region size 1024K, 0 young (0K), 0 survivors (0K)

[error occurred during error reporting (printing heap information), id 0xc0000005, EXCEPTION_ACCESS_VIOLATION (0xc0000005) at pc=0x00007ff9a3e447b9]
GC Heap History (0 events):
No events

Dll operation events (1 events):
Event: 0.008 Loaded shared library C:\Program Files\Java\jdk-20\bin\java.dll

Deoptimization events (0 events):
No events

Classes loaded (0 events):
No events

Classes unloaded (0 events):
No events

Classes redefined (0 events):
No events

Internal exceptions (0 events):
No events

VM Operations (0 events):
No events

Events (0 events):
No events


Dynamic libraries:
0x00007ff6c5280000 - 0x00007ff6c5290000 	C:\Program Files\Java\jdk-20\bin\java.exe
0x00007ffaac270000 - 0x00007ffaac487000 	C:\WINDOWS\SYSTEM32\ntdll.dll
0x00007ffaabd30000 - 0x00007ffaabdf4000 	C:\WINDOWS\System32\KERNEL32.DLL
0x00007ffaa98f0000 - 0x00007ffaa9c96000 	C:\WINDOWS\System32\KERNELBASE.dll
0x00007ffaa9eb0000 - 0x00007ffaa9fc1000 	C:\WINDOWS\System32\ucrtbase.dll
0x00007ffa75d00000 - 0x00007ffa75d19000 	C:\Program Files\Java\jdk-20\bin\jli.dll
0x00007ffaa1d90000 - 0x00007ffaa1dab000 	C:\Program Files\Java\jdk-20\bin\VCRUNTIME140.dll
0x00007ffaabed0000 - 0x00007ffaabf80000 	C:\WINDOWS\System32\ADVAPI32.dll
0x00007ffaabe20000 - 0x00007ffaabec7000 	C:\WINDOWS\System32\msvcrt.dll
0x00007ffaaba10000 - 0x00007ffaabab6000 	C:\WINDOWS\System32\sechost.dll
0x00007ffaaa490000 - 0x00007ffaaa5a7000 	C:\WINDOWS\System32\RPCRT4.dll
0x00007ffaabf80000 - 0x00007ffaac12d000 	C:\WINDOWS\System32\USER32.dll
0x00007ffaa9e80000 - 0x00007ffaa9ea6000 	C:\WINDOWS\System32\win32u.dll
0x00007ffa90ec0000 - 0x00007ffa91153000 	C:\WINDOWS\WinSxS\amd64_microsoft.windows.common-controls_6595b64144ccf1df_6.0.22621.2361_none_2712ced57382f843\COMCTL32.dll
0x00007ffaaa460000 - 0x00007ffaaa489000 	C:\WINDOWS\System32\GDI32.dll
0x00007ffaa96b0000 - 0x00007ffaa97c8000 	C:\WINDOWS\System32\gdi32full.dll
0x00007ffaa9850000 - 0x00007ffaa98ea000 	C:\WINDOWS\System32\msvcp_win.dll
0x00007ffa9e610000 - 0x00007ffa9e61a000 	C:\WINDOWS\SYSTEM32\VERSION.dll
0x00007ffaaad90000 - 0x00007ffaaadc1000 	C:\WINDOWS\System32\IMM32.DLL
0x00007ffa984e0000 - 0x00007ffa984ec000 	C:\Program Files\Java\jdk-20\bin\vcruntime140_1.dll
0x00007ffa3eef0000 - 0x00007ffa3ef7e000 	C:\Program Files\Java\jdk-20\bin\msvcp140.dll
0x00007ff9a3730000 - 0x00007ff9a43c8000 	C:\Program Files\Java\jdk-20\bin\server\jvm.dll
0x00007ffa91990000 - 0x00007ffa919c4000 	C:\WINDOWS\SYSTEM32\WINMM.dll
0x00007ffa7ac60000 - 0x00007ffa7ac69000 	C:\WINDOWS\SYSTEM32\WSOCK32.dll
0x00007ffaabac0000 - 0x00007ffaabb31000 	C:\WINDOWS\System32\WS2_32.dll
0x00007ffaa8720000 - 0x00007ffaa8738000 	C:\WINDOWS\SYSTEM32\kernel.appcore.dll
0x00007ffa97780000 - 0x00007ffa9778a000 	C:\Program Files\Java\jdk-20\bin\jimage.dll
0x00007ffaa6da0000 - 0x00007ffaa6fce000 	C:\WINDOWS\SYSTEM32\DBGHELP.DLL
0x00007ffaaaa00000 - 0x00007ffaaad8a000 	C:\WINDOWS\System32\combase.dll
0x00007ffaaa6d0000 - 0x00007ffaaa7a7000 	C:\WINDOWS\System32\OLEAUT32.dll
0x00007ffa9e5d0000 - 0x00007ffa9e602000 	C:\WINDOWS\SYSTEM32\dbgcore.DLL
0x00007ffaa97d0000 - 0x00007ffaa984a000 	C:\WINDOWS\System32\bcryptPrimitives.dll
0x00007ffa926e0000 - 0x00007ffa92706000 	C:\Program Files\Java\jdk-20\bin\java.dll

dbghelp: loaded successfully - version: 4.0.5 - missing functions: none
symbol engine: initialized successfully - sym options: 0x614 - pdb path: .;C:\Program Files\Java\jdk-20\bin;C:\WINDOWS\SYSTEM32;C:\WINDOWS\WinSxS\amd64_microsoft.windows.common-controls_6595b64144ccf1df_6.0.22621.2361_none_2712ced57382f843;C:\Program Files\Java\jdk-20\bin\server

VM Arguments:
jvm_args: -Dfile.encoding=UTF-8 --module-path=D:\Perkuliahan\Semester 3\Pemorograman object oriented\java\Kasus1\build\classes 
java_command: kasus1.Firm
java_class_path (initial): D:\Perkuliahan\Semester 3\Pemorograman object oriented\java\Kasus1\build\classes
Launcher Type: SUN_STANDARD

[Global flags]
     intx CICompilerCount                          = 4                                         {product} {ergonomic}
     uint ConcGCThreads                            = 2                                         {product} {ergonomic}
     uint G1ConcRefinementThreads                  = 8                                         {product} {ergonomic}
   size_t G1HeapRegionSize                         = 1048576                                   {product} {ergonomic}
    uintx GCDrainStackTargetSize                   = 64                                        {product} {ergonomic}
   size_t InitialHeapSize                          = 130023424                                 {product} {ergonomic}
   size_t MarkStackSize                            = 4194304                                   {product} {ergonomic}
   size_t MaxHeapSize                              = 2067791872                                {product} {ergonomic}
   size_t MinHeapDeltaBytes                        = 1048576                                   {product} {ergonomic}
   size_t MinHeapSize                              = 8388608                                   {product} {ergonomic}
    uintx NonNMethodCodeHeapSize                   = 5839372                                {pd product} {ergonomic}
    uintx NonProfiledCodeHeapSize                  = 122909434                              {pd product} {ergonomic}
    uintx ProfiledCodeHeapSize                     = 122909434                              {pd product} {ergonomic}
    uintx ReservedCodeCacheSize                    = 251658240                              {pd product} {ergonomic}
     bool SegmentedCodeCache                       = true                                      {product} {ergonomic}
   size_t SoftMaxHeapSize                          = 2067791872                             {manageable} {ergonomic}
     bool UseCompressedClassPointers               = true                           {product lp64_product} {ergonomic}
     bool UseCompressedOops                        = true                           {product lp64_product} {ergonomic}
     bool UseG1GC                                  = true                                      {product} {ergonomic}
     bool UseLargePagesIndividualAllocation        = false                                  {pd product} {ergonomic}

Logging:
Log output configuration:
 #0: stdout all=warning uptime,level,tags foldmultilines=false
 #1: stderr all=off uptime,level,tags foldmultilines=false

Environment Variables:
CLASSPATH=.;
PATH=C:\app\Asus\product\21c\dbhomeXE\bin;D:\oracle\dbhomeXE\bin;D:\Perkuliahan\dbhomeXE\bin;C:\Program Files\Common Files\Oracle\Java\javapath;C:\Program Files (x86)\Razer Chroma SDK\bin;C:\Program Files\Razer Chroma SDK\bin;C:\Program Files (x86)\Razer\ChromaBroadcast\bin;C:\Program Files\Razer\ChromaBroadcast\bin;C:\Windows\system32;C:\Windows;C:\Windows\System32\Wbem;C:\Windows\System32\WindowsPowerShell\v1.0\;C:\Windows\System32\OpenSSH\;C:\Program Files (x86)\NVIDIA Corporation\PhysX\Common;C:\Windows\system32\config\systemprofile\AppData\Local\Microsoft\WindowsApps;C:\Program Files\NVIDIA Corporation\NVIDIA NvDLISR;C:\Program Files\Cloudflare\Cloudflare WARP\;C:\Program Files\Git\cmd;C:\MinGW\bin;C:\WINDOWS\system32;C:\WINDOWS;C:\WINDOWS\System32\Wbem;C:\WINDOWS\System32\WindowsPowerShell\v1.0\;C:\WINDOWS\System32\OpenSSH\;C:\Program Files\Java\jdk-20\bin\;C:\xampp\php;C:\ProgramData\ComposerSetup\bin;C:\Users\Asus\AppData\Local\Microsoft\WindowsApps;C:\Users\Asus\AppData\Local\Programs\Microsoft VS Code\bin;C:\Users\Asus\AppData\Local\gitkraken\bin;C:\Users\Asus\AppData\Local\Microsoft\WindowsApps;C:\Users\Asus\AppData\Local\GitHubDesktop\bin;%JAVA_HOME%;C:\Users\Asus\AppData\Roaming\Composer\vendor\bin;C:\ProgramData\Asus\GitHubDesktop\bin
USERNAME=Asus
OS=Windows_NT
PROCESSOR_IDENTIFIER=Intel64 Family 6 Model 140 Stepping 1, GenuineIntel
TMP=D:\temp\Temp
TEMP=D:\temp\Temp




---------------  S Y S T E M  ---------------

OS:
 Windows 11 , 64 bit Build 22621 (10.0.22621.2428)
OS uptime: 2 days 8:18 hours

CPU: total 8 (initial active 8) (4 cores per cpu, 2 threads per core) family 6 model 140 stepping 1 microcode 0x86, cx8, cmov, fxsr, ht, mmx, 3dnowpref, sse, sse2, sse3, ssse3, sse4.1, sse4.2, popcnt, lzcnt, tsc, tscinvbit, avx, avx2, aes, erms, clmul, bmi1, bmi2, adx, avx512f, avx512dq, avx512cd, avx512bw, avx512vl, sha, fma, vzeroupper, avx512_vpopcntdq, avx512_vpclmulqdq, avx512_vaes, avx512_vnni, clflush, clflushopt, clwb, avx512_vbmi2, avx512_vbmi, rdtscp, rdpid, fsrm, gfni, avx512_bitalg, f16c, pku, cet_ibt, cet_ss, avx512_ifma

Memory: 4k page, system-wide physical 7883M (975M free)
TotalPageFile size 17283M (AvailPageFile size 7M)
current process WorkingSet (physical memory assigned to process): 11M, peak: 11M
current process commit charge ("private bytes"): 60M, peak: 184M

vm_info: Java HotSpot(TM) 64-Bit Server VM (20.0.2+9-78) for windows-amd64 JRE (20.0.2+9-78), built on 2023-06-14T10:08:48Z by "mach5one" with MS VC++ 17.1 (VS2022)

END.
